2023-01-11 13:18:47,827 [Worker-6: Loading available Gradle versions] INFO  o.e.b.c.i.u.g.PublishedGradleVersions - Gradle version information cache is not available. Remote download required.
2023-01-18 13:29:20,057 [Worker-4: Loading available Gradle versions] INFO  o.e.b.c.i.u.g.PublishedGradleVersions - Gradle version information cache is out-of-date. Trying to update.
2023-01-18 13:56:52,405 [Worker-1: Loading available Gradle versions] INFO  o.e.b.c.i.u.g.PublishedGradleVersions - Gradle version information cache is up-to-date. Trying to read.
2023-01-18 20:08:05,185 [Worker-6: Loading available Gradle versions] INFO  o.e.b.c.i.u.g.PublishedGradleVersions - Gradle version information cache is up-to-date. Trying to read.
2023-01-18 20:11:26,827 [Worker-6: Loading available Gradle versions] INFO  o.e.b.c.i.u.g.PublishedGradleVersions - Gradle version information cache is up-to-date. Trying to read.
2023-02-01 13:22:46,707 [Worker-4: Loading available Gradle versions] INFO  o.e.b.c.i.u.g.PublishedGradleVersions - Gradle version information cache is out-of-date. Trying to update.
2023-02-03 18:34:42,209 [Worker-7: Loading available Gradle versions] INFO  o.e.b.c.i.u.g.PublishedGradleVersions - Gradle version information cache is out-of-date. Trying to update.
2023-02-04 14:51:29,930 [Worker-7: Loading available Gradle versions] INFO  o.e.b.c.i.u.g.PublishedGradleVersions - Gradle version information cache is up-to-date. Trying to read.
2023-02-04 16:54:54,895 [Worker-1: Loading available Gradle versions] INFO  o.e.b.c.i.u.g.PublishedGradleVersions - Gradle version information cache is up-to-date. Trying to read.
2023-02-08 13:05:58,706 [Worker-4: Loading available Gradle versions] INFO  o.e.b.c.i.u.g.PublishedGradleVersions - Gradle version information cache is out-of-date. Trying to update.
2023-02-15 13:08:50,303 [Worker-2: Loading available Gradle versions] INFO  o.e.b.c.i.u.g.PublishedGradleVersions - Gradle version information cache is out-of-date. Trying to update.
2023-02-16 14:01:34,494 [Worker-7: Loading available Gradle versions] INFO  o.e.b.c.i.u.g.PublishedGradleVersions - Gradle version information cache is out-of-date. Trying to update.
2023-02-16 20:48:00,327 [Worker-1: Loading available Gradle versions] INFO  o.e.b.c.i.u.g.PublishedGradleVersions - Gradle version information cache is up-to-date. Trying to read.
2023-02-22 13:07:26,870 [Worker-4: Loading available Gradle versions] INFO  o.e.b.c.i.u.g.PublishedGradleVersions - Gradle version information cache is out-of-date. Trying to update.
2023-03-01 13:09:10,017 [Worker-2: Loading available Gradle versions] INFO  o.e.b.c.i.u.g.PublishedGradleVersions - Gradle version information cache is out-of-date. Trying to update.
2023-03-01 20:27:00,750 [Worker-5: Loading available Gradle versions] INFO  o.e.b.c.i.u.g.PublishedGradleVersions - Gradle version information cache is up-to-date. Trying to read.
2023-03-04 22:59:48,703 [Worker-2: Loading available Gradle versions] INFO  o.e.b.c.i.u.g.PublishedGradleVersions - Gradle version information cache is out-of-date. Trying to update.
2023-03-05 09:00:39,802 [Worker-1: Loading available Gradle versions] INFO  o.e.b.c.i.u.g.PublishedGradleVersions - Gradle version information cache is up-to-date. Trying to read.
2023-03-15 13:19:13,017 [Worker-2: Loading available Gradle versions] INFO  o.e.b.c.i.u.g.PublishedGradleVersions - Gradle version information cache is out-of-date. Trying to update.
2023-03-22 13:11:26,530 [Worker-5: Loading available Gradle versions] INFO  o.e.b.c.i.u.g.PublishedGradleVersions - Gradle version information cache is out-of-date. Trying to update.
2023-03-23 17:45:27,248 [Worker-6: Loading available Gradle versions] INFO  o.e.b.c.i.u.g.PublishedGradleVersions - Gradle version information cache is out-of-date. Trying to update.
2023-03-23 17:56:45,016 [Worker-58: https://ftp.jaist.ac.jp/pub/eclipse/releases/2022-12/202212071000/plugins/org.eclipse.emf.mwe2.language.source_2.14.0.v20221117-1134.jar] INFO  o.a.h.c.h.i.c.HttpRequestRetryExec - Recoverable I/O exception (org.apache.hc.core5.http.NoHttpResponseException) caught when processing request to {s}->https://ftp.jaist.ac.jp:443
2023-03-23 17:56:46,211 [Worker-52: https://ftp.jaist.ac.jp/pub/eclipse/releases/2022-12/202212071000/plugins/org.eclipse.gef_3.13.0.202211301913.jar] INFO  o.a.h.c.h.i.c.HttpRequestRetryExec - Recoverable I/O exception (org.apache.hc.core5.http.NoHttpResponseException) caught when processing request to {s}->https://ftp.jaist.ac.jp:443
2023-03-23 17:56:59,144 [Worker-60: https://ftp.jaist.ac.jp/pub/eclipse/releases/2023-03/202303151000/features/org.eclipse.emf.ecore_2.31.0.v20230226-0921.jar] INFO  o.a.h.c.h.i.c.HttpRequestRetryExec - Recoverable I/O exception (org.apache.hc.core5.http.NoHttpResponseException) caught when processing request to {s}->https://ftp.jaist.ac.jp:443
2023-03-23 17:57:00,873 [Worker-46: https://ftp.jaist.ac.jp/pub/eclipse/releases/2023-03/202303151000/plugins/org.eclipse.xsd_2.19.0.v20230211-1150.jar] INFO  o.a.h.c.h.i.c.HttpRequestRetryExec - Recoverable I/O exception (org.apache.hc.core5.http.NoHttpResponseException) caught when processing request to {s}->https://ftp.jaist.ac.jp:443
2023-03-23 17:57:01,159 [Worker-54: https://ftp.jaist.ac.jp/pub/eclipse/releases/2023-03/202303151000/plugins/org.eclipse.xtend.core_2.30.0.v20230227-1300.jar] INFO  o.a.h.c.h.i.c.HttpRequestRetryExec - Recoverable I/O exception (org.apache.hc.core5.http.NoHttpResponseException) caught when processing request to {s}->https://ftp.jaist.ac.jp:443
2023-03-23 17:57:06,025 [Worker-55: https://ftp.jaist.ac.jp/pub/eclipse/releases/2023-03/202303151000/plugins/org.eclipse.xtext.common.types.edit_2.30.0.v20230227-1159.jar] INFO  o.a.h.c.h.i.c.HttpRequestRetryExec - Recoverable I/O exception (org.apache.hc.core5.http.NoHttpResponseException) caught when processing request to {s}->https://ftp.jaist.ac.jp:443
2023-03-23 17:57:07,419 [Worker-56: https://ftp.jaist.ac.jp/pub/eclipse/releases/2023-03/202303151000/features/org.eclipse.xtext.docs_2.30.0.v20230227-1344.jar] INFO  o.a.h.c.h.i.c.HttpRequestRetryExec - Recoverable I/O exception (org.apache.hc.core5.http.NoHttpResponseException) caught when processing request to {s}->https://ftp.jaist.ac.jp:443
2023-03-23 17:57:08,441 [Worker-38: https://ftp.jaist.ac.jp/pub/eclipse/releases/2023-03/202303151000/plugins/org.eclipse.xtext.junit4.source_2.30.0.v20230227-1159.jar] INFO  o.a.h.c.h.i.c.HttpRequestRetryExec - Recoverable I/O exception (org.apache.hc.core5.http.NoHttpResponseException) caught when processing request to {s}->https://ftp.jaist.ac.jp:443
2023-03-23 17:57:11,088 [Worker-61: https://ftp.jaist.ac.jp/pub/eclipse/releases/2023-03/202303151000/plugins/org.eclipse.xtext.testing.source_2.30.0.v20230227-1116.jar] INFO  o.a.h.c.h.i.c.HttpRequestRetryExec - Recoverable I/O exception (org.apache.hc.core5.http.NoHttpResponseException) caught when processing request to {s}->https://ftp.jaist.ac.jp:443
2023-03-23 17:57:13,466 [Worker-53: https://ftp.jaist.ac.jp/pub/eclipse/releases/2023-03/202303151000/plugins/org.eclipse.xtext.util_2.30.0.v20230227-1116.jar] INFO  o.a.h.c.h.i.c.HttpRequestRetryExec - Recoverable I/O exception (org.apache.hc.core5.http.NoHttpResponseException) caught when processing request to {s}->https://ftp.jaist.ac.jp:443
2023-03-23 17:57:14,266 [Worker-50: https://ftp.jaist.ac.jp/pub/eclipse/releases/2023-03/202303151000/plugins/org.eclipse.xtext.xbase.junit.source_2.30.0.v20230227-1159.jar] INFO  o.a.h.c.h.i.c.HttpRequestRetryExec - Recoverable I/O exception (org.apache.hc.core5.http.NoHttpResponseException) caught when processing request to {s}->https://ftp.jaist.ac.jp:443
2023-03-23 17:57:16,178 [Worker-61: https://ftp.jaist.ac.jp/pub/eclipse/releases/2023-03/202303151000/plugins/org.eclipse.xtext.xtext.ide.source_2.30.0.v20230227-1116.jar] INFO  o.a.h.c.h.i.c.HttpRequestRetryExec - Recoverable I/O exception (org.apache.hc.core5.http.NoHttpResponseException) caught when processing request to {s}->https://ftp.jaist.ac.jp:443
2023-03-23 17:57:16,999 [Worker-40: https://ftp.jaist.ac.jp/pub/eclipse/releases/2023-03/202303151000/plugins/org.eclipse.xtext.xtext.ui.graph_2.30.0.v20230227-1159.jar] INFO  o.a.h.c.h.i.c.HttpRequestRetryExec - Recoverable I/O exception (org.apache.hc.core5.http.NoHttpResponseException) caught when processing request to {s}->https://ftp.jaist.ac.jp:443
2023-03-23 17:58:00,145 [Worker-2: Loading available Gradle versions] INFO  o.e.b.c.i.u.g.PublishedGradleVersions - Gradle version information cache is up-to-date. Trying to read.
2023-03-29 13:24:39,618 [Worker-7: Loading available Gradle versions] INFO  o.e.b.c.i.u.g.PublishedGradleVersions - Gradle version information cache is out-of-date. Trying to update.
2023-03-29 14:46:42,745 [Worker-4: Loading available Gradle versions] INFO  o.e.b.c.i.u.g.PublishedGradleVersions - Gradle version information cache is up-to-date. Trying to read.
2023-03-29 15:07:40,997 [Worker-2: Loading available Gradle versions] INFO  o.e.b.c.i.u.g.PublishedGradleVersions - Gradle version information cache is up-to-date. Trying to read.
2023-04-03 13:33:31,351 [Worker-6: Loading available Gradle versions] INFO  o.e.b.c.i.u.g.PublishedGradleVersions - Gradle version information cache is out-of-date. Trying to update.
2023-04-05 12:59:32,562 [Worker-4: Loading available Gradle versions] INFO  o.e.b.c.i.u.g.PublishedGradleVersions - Gradle version information cache is out-of-date. Trying to update.
2023-04-05 22:20:01,503 [Worker-4: Loading available Gradle versions] INFO  o.e.b.c.i.u.g.PublishedGradleVersions - Gradle version information cache is up-to-date. Trying to read.
2023-04-08 14:30:57,644 [Worker-4: Loading available Gradle versions] INFO  o.e.b.c.i.u.g.PublishedGradleVersions - Gradle version information cache is out-of-date. Trying to update.
2023-04-09 14:27:41,800 [Worker-7: Loading available Gradle versions] INFO  o.e.b.c.i.u.g.PublishedGradleVersions - Gradle version information cache is up-to-date. Trying to read.
2023-04-09 15:28:51,080 [Worker-7: Loading available Gradle versions] INFO  o.e.b.c.i.u.g.PublishedGradleVersions - Gradle version information cache is out-of-date. Trying to update.
2023-04-09 16:17:08,767 [Worker-1: Loading available Gradle versions] INFO  o.e.b.c.i.u.g.PublishedGradleVersions - Gradle version information cache is up-to-date. Trying to read.
2023-04-09 16:51:37,885 [Worker-6: Loading available Gradle versions] INFO  o.e.b.c.i.u.g.PublishedGradleVersions - Gradle version information cache is up-to-date. Trying to read.
2023-04-12 13:14:36,514 [Worker-6: Loading available Gradle versions] INFO  o.e.b.c.i.u.g.PublishedGradleVersions - Gradle version information cache is out-of-date. Trying to update.
